u:\visual studio 2015\projects\underwaterinvasion\underwaterinvasion\debug\underwaterinvasion.pch
u:\visual studio 2015\projects\underwaterinvasion\underwaterinvasion\debug\vc140.pdb
u:\visual studio 2015\projects\underwaterinvasion\underwaterinvasion\debug\vc140.idb
u:\visual studio 2015\projects\underwaterinvasion\underwaterinvasion\debug\stdafx.obj
u:\visual studio 2015\projects\underwaterinvasion\underwaterinvasion\debug\underwaterinvasion.obj
c:\users\aou\documents\visual studio 2015\projects\sfmlgames\underwaterinvasion\underwaterinvasion\debug\underwaterinvasion.pch
c:\users\aou\documents\visual studio 2015\projects\sfmlgames\underwaterinvasion\underwaterinvasion\debug\vc140.pdb
c:\users\aou\documents\visual studio 2015\projects\sfmlgames\underwaterinvasion\underwaterinvasion\debug\vc140.idb
c:\users\aou\documents\visual studio 2015\projects\sfmlgames\underwaterinvasion\underwaterinvasion\debug\stdafx.obj
c:\users\aou\documents\visual studio 2015\projects\sfmlgames\underwaterinvasion\underwaterinvasion\debug\main.obj
u:\visual studio 2015\projects\underwaterinvasion\debug\underwaterinvasion.ilk
u:\visual studio 2015\projects\underwaterinvasion\debug\underwaterinvasion.exe
u:\visual studio 2015\projects\underwaterinvasion\debug\underwaterinvasion.pdb
c:\users\aou\documents\visual studio 2015\projects\sfmlgames\underwaterinvasion\underwaterinvasion\debug\underwaterinvasion.obj
c:\users\aou\documents\visual studio 2015\projects\sfmlgames\underwaterinvasion\debug\underwaterinvasion.pdb
c:\users\aou\documents\visual studio 2015\projects\sfmlgames\underwaterinvasion\debug\underwaterinvasion.exe
c:\users\aou\documents\visual studio 2015\projects\sfmlgames\underwaterinvasion\debug\underwaterinvasion.ilk
c:\users\aou\documents\visual studio 2015\projects\sfmlgames\underwaterinvasion\underwaterinvasion\debug\underwat.4a5597f0.tlog\cl.command.1.tlog
c:\users\aou\documents\visual studio 2015\projects\sfmlgames\underwaterinvasion\underwaterinvasion\debug\underwat.4a5597f0.tlog\cl.read.1.tlog
c:\users\aou\documents\visual studio 2015\projects\sfmlgames\underwaterinvasion\underwaterinvasion\debug\underwat.4a5597f0.tlog\cl.write.1.tlog
c:\users\aou\documents\visual studio 2015\projects\sfmlgames\underwaterinvasion\underwaterinvasion\debug\underwat.4a5597f0.tlog\link.command.1.tlog
c:\users\aou\documents\visual studio 2015\projects\sfmlgames\underwaterinvasion\underwaterinvasion\debug\underwat.4a5597f0.tlog\link.read.1.tlog
c:\users\aou\documents\visual studio 2015\projects\sfmlgames\underwaterinvasion\underwaterinvasion\debug\underwat.4a5597f0.tlog\link.write.1.tlog
